#! /usr/share/iverilog-0.10.0/bin/vvp
:ivl_version "0.10.0 (devel)" "(v0_9_6)";
:ivl_delay_selection "TYPICAL";
:vpi_time_precision + 0;
:vpi_module "system";
:vpi_module "vhdl_sys";
:vpi_module "v2005_math";
:vpi_module "va_math";
:vpi_module "v2009";
S_0xc6a7b0 .scope module, "ALU_tb" "ALU_tb" 2 6;
 .timescale 0 0;
v0xc81300_0 .var "A", 7 0;
v0xc813e0_0 .var "B", 7 0;
v0xc814b0_0 .var "clk", 0 0;
v0xc815b0_0 .var "opcode", 3 0;
v0xc81680_0 .net "out", 7 0, v0xc81180_0;  1 drivers
S_0xc647b0 .scope module, "dut" "ALU" 2 15, 3 3 0, S_0xc6a7b0;
 .timescale 0 0;
    .port_info 0 /INPUT 1 "clk"
    .port_info 1 /INPUT 8 "A"
    .port_info 2 /INPUT 8 "B"
    .port_info 3 /INPUT 4 "opcode"
    .port_info 4 /OUTPUT 8 "out"
v0xc64a00_0 .net "A", 7 0, v0xc81300_0;  1 drivers
v0xc80dc0_0 .net "B", 7 0, v0xc813e0_0;  1 drivers
v0xc80ea0_0 .var "acc", 7 0;
v0xc80f90_0 .net "clk", 0 0, v0xc814b0_0;  1 drivers
v0xc81050_0 .net "opcode", 3 0, v0xc815b0_0;  1 drivers
v0xc81180_0 .var "out", 7 0;
E_0xc6adc0 .event posedge, v0xc80f90_0;
    .scope S_0xc647b0;
T_0 ;
    %wait E_0xc6adc0;
    %load/v 8, v0xc81050_0, 4;
    %cmpi/u 8, 0, 4;
    %jmp/1 T_0.0, 6;
    %cmpi/u 8, 1, 4;
    %jmp/1 T_0.1, 6;
    %cmpi/u 8, 2, 4;
    %jmp/1 T_0.2, 6;
    %cmpi/u 8, 3, 4;
    %jmp/1 T_0.3, 6;
    %cmpi/u 8, 4, 4;
    %jmp/1 T_0.4, 6;
    %cmpi/u 8, 5, 4;
    %jmp/1 T_0.5, 6;
    %cmpi/u 8, 6, 4;
    %jmp/1 T_0.6, 6;
    %cmpi/u 8, 7, 4;
    %jmp/1 T_0.7, 6;
    %cmpi/u 8, 8, 4;
    %jmp/1 T_0.8, 6;
    %cmpi/u 8, 9, 4;
    %jmp/1 T_0.9, 6;
    %cmpi/u 8, 10, 4;
    %jmp/1 T_0.10, 6;
    %cmpi/u 8, 11, 4;
    %jmp/1 T_0.11, 6;
    %cmpi/u 8, 12, 4;
    %jmp/1 T_0.12, 6;
    %cmpi/u 8, 13, 4;
    %jmp/1 T_0.13, 6;
    %cmpi/u 8, 14, 4;
    %jmp/1 T_0.14, 6;
    %cmpi/u 8, 15, 4;
    %jmp/1 T_0.15, 6;
    %load/v 8, v0xc64a00_0, 8;
    %set/v v0xc80ea0_0, 8, 8;
    %jmp T_0.17;
T_0.0 ;
    %load/v 8, v0xc64a00_0, 8;
    %load/v 16, v0xc80dc0_0, 8;
    %add 8, 16, 8;
    %set/v v0xc80ea0_0, 8, 8;
    %jmp T_0.17;
T_0.1 ;
    %load/v 8, v0xc64a00_0, 8;
    %load/v 16, v0xc80dc0_0, 8;
    %sub 8, 16, 8;
    %set/v v0xc80ea0_0, 8, 8;
    %jmp T_0.17;
T_0.2 ;
    %load/v 8, v0xc80dc0_0, 8;
    %load/v 16, v0xc64a00_0, 8;
    %mul 8, 16, 8;
    %set/v v0xc80ea0_0, 8, 8;
    %jmp T_0.17;
T_0.3 ;
    %load/v 8, v0xc64a00_0, 8;
    %load/v 16, v0xc80dc0_0, 8;
    %div 8, 16, 8;
    %set/v v0xc80ea0_0, 8, 8;
    %jmp T_0.17;
T_0.4 ;
    %load/v 8, v0xc80ea0_0, 8;
    %load/v 16, v0xc64a00_0, 8;
    %add 8, 16, 8;
    %set/v v0xc80ea0_0, 8, 8;
    %jmp T_0.17;
T_0.5 ;
    %load/v 8, v0xc80ea0_0, 8;
    %load/v 16, v0xc64a00_0, 8;
    %mul 8, 16, 8;
    %set/v v0xc80ea0_0, 8, 8;
    %jmp T_0.17;
T_0.6 ;
    %load/v 8, v0xc80ea0_0, 8;
    %load/v 16, v0xc64a00_0, 8;
    %load/v 24, v0xc80dc0_0, 8;
    %mul 16, 24, 8;
    %add 8, 16, 8;
    %set/v v0xc80ea0_0, 8, 8;
    %jmp T_0.17;
T_0.7 ;
    %load/v 8, v0xc64a00_0, 8;
    %ix/load 0, 1, 0;
    %mov 4, 0, 1;
    %shiftl/i0  8, 8;
    %set/v v0xc80ea0_0, 8, 8;
    %jmp T_0.17;
T_0.8 ;
    %load/v 8, v0xc64a00_0, 8;
    %ix/load 0, 1, 0;
    %mov 4, 0, 1;
    %shiftr/i0  8, 8;
    %set/v v0xc80ea0_0, 8, 8;
    %jmp T_0.17;
T_0.9 ;
    %load/v 8, v0xc64a00_0, 8;
    %load/v 16, v0xc80dc0_0, 8;
    %and 8, 16, 8;
    %set/v v0xc80ea0_0, 8, 8;
    %jmp T_0.17;
T_0.10 ;
    %load/v 8, v0xc64a00_0, 8;
    %load/v 16, v0xc80dc0_0, 8;
    %or 8, 16, 8;
    %set/v v0xc80ea0_0, 8, 8;
    %jmp T_0.17;
T_0.11 ;
    %load/v 8, v0xc64a00_0, 8;
    %load/v 16, v0xc80dc0_0, 8;
    %xor 8, 16, 8;
    %set/v v0xc80ea0_0, 8, 8;
    %jmp T_0.17;
T_0.12 ;
    %load/v 8, v0xc64a00_0, 8;
    %load/v 16, v0xc80dc0_0, 8;
    %nand 8, 16, 8;
    %set/v v0xc80ea0_0, 8, 8;
    %jmp T_0.17;
T_0.13 ;
    %load/v 8, v0xc64a00_0, 8;
    %load/v 16, v0xc80dc0_0, 8;
    %cmp/u 8, 16, 8;
    %jmp/0xz  T_0.18, 4;
    %set/v v0xc80ea0_0, 1, 8;
    %jmp T_0.19;
T_0.18 ;
    %set/v v0xc80ea0_0, 0, 8;
T_0.19 ;
    %jmp T_0.17;
T_0.14 ;
    %load/v 8, v0xc80dc0_0, 8;
    %load/v 16, v0xc64a00_0, 8;
    %cmp/u 8, 16, 8;
    %jmp/0xz  T_0.20, 5;
    %set/v v0xc80ea0_0, 1, 8;
    %jmp T_0.21;
T_0.20 ;
    %set/v v0xc80ea0_0, 0, 8;
T_0.21 ;
    %jmp T_0.17;
T_0.15 ;
    %load/v 8, v0xc64a00_0, 8;
    %load/v 16, v0xc80dc0_0, 8;
    %cmp/u 8, 16, 8;
    %jmp/0xz  T_0.22, 5;
    %set/v v0xc80ea0_0, 1, 8;
    %jmp T_0.23;
T_0.22 ;
    %set/v v0xc80ea0_0, 0, 8;
T_0.23 ;
    %jmp T_0.17;
T_0.17 ;
    %load/v 8, v0xc80ea0_0, 8;
    %set/v v0xc81180_0, 8, 8;
    %jmp T_0;
    .thread T_0;
    .scope S_0xc6a7b0;
T_1 ;
    %vpi_call/w 2 23 "$display", "A         B         opcode   out" {0 0};
    %vpi_call/w 2 24 "$monitor", "%b  %b  %b     %b", v0xc81300_0, v0xc813e0_0, v0xc815b0_0, v0xc81680_0 {0 0};
    %vpi_call/w 2 25 "$dumpfile", "dump.vcd" {0 0};
    %vpi_call/w 2 26 "$dumpvars" {0 0};
    %set/v v0xc814b0_0, 1, 1;
    %movi 8, 4, 8;
    %set/v v0xc81300_0, 8, 8;
    %movi 8, 1, 8;
    %set/v v0xc813e0_0, 8, 8;
    %set/v v0xc815b0_0, 0, 4;
    %delay 5, 0;
    %load/v 8, v0xc814b0_0, 1;
    %inv 8, 1;
    %set/v v0xc814b0_0, 8, 1;
    %delay 5, 0;
    %load/v 8, v0xc814b0_0, 1;
    %inv 8, 1;
    %set/v v0xc814b0_0, 8, 1;
    %movi 8, 6, 4;
    %set/v v0xc815b0_0, 8, 4;
    %delay 5, 0;
    %load/v 8, v0xc814b0_0, 1;
    %inv 8, 1;
    %set/v v0xc814b0_0, 8, 1;
    %delay 5, 0;
    %load/v 8, v0xc814b0_0, 1;
    %inv 8, 1;
    %set/v v0xc814b0_0, 8, 1;
    %movi 8, 8, 4;
    %set/v v0xc815b0_0, 8, 4;
    %delay 5, 0;
    %load/v 8, v0xc814b0_0, 1;
    %inv 8, 1;
    %set/v v0xc814b0_0, 8, 1;
    %delay 5, 0;
    %load/v 8, v0xc814b0_0, 1;
    %inv 8, 1;
    %set/v v0xc814b0_0, 8, 1;
    %set/v v0xc815b0_0, 1, 4;
    %delay 5, 0;
    %load/v 8, v0xc814b0_0, 1;
    %inv 8, 1;
    %set/v v0xc814b0_0, 8, 1;
    %end;
    .thread T_1;
# The file index is used to find the file name in the following table.
:file_names 4;
    "N/A";
    "<interactive>";
    "testbench.sv";
    "design.sv";
